================================================================
Program: CD-HIT, V4.7 (+OpenMP), Jul 09 2017, 23:50:55
Command: /home/oasis/data/NGS-ann-project/apps/bin/cd-hit -i
         input.0 -o cd-hit/output -c 0.9 -n 5 -d 0 -p 1 -T 4 -M
         16000 -d 0 -n 5 -p 1 -G 0 -c 0.9 -aS 0.8

Started: Fri Apr 27 11:29:17 2018
================================================================
                            Output                              
----------------------------------------------------------------
total seq: 155
longest and shortest : 949 and 64
Total letters: 23507
Sequences have been sorted

Approximated minimal memory consumption:
Sequence        : 0M
Buffer          : 4 X 10M = 42M
Table           : 2 X 65M = 130M
Miscellaneous   : 0M
Total           : 173M

Table limit with the given memory limit:
Max number of representatives: 4000000
Max number of word counting entries: 1978310733

# comparing sequences from          0  to        155
---------- new table with       47 representatives

      155  finished         47  clusters

Apprixmated maximum memory consumption: 173M
writing new database
writing clustering information
program completed !

Total CPU time 0.21
