================================================================
Program: CD-HIT, V4.7 (+OpenMP), Jul 09 2017, 23:50:55
Command: /home/oasis/data/NGS-ann-project/apps/bin/cd-hit -i
         input.0 -o cd-hit/output -c 0.9 -n 5 -d 0 -p 1 -T 4 -M
         16000 -d 0 -n 5 -p 1 -G 0 -c 0.9 -aS 0.8

Started: Wed Apr 18 14:44:52 2018
================================================================
                            Output                              
----------------------------------------------------------------
total seq: 618
longest and shortest : 3259 and 31
Total letters: 156983
Sequences have been sorted

Approximated minimal memory consumption:
Sequence        : 0M
Buffer          : 4 X 11M = 44M
Table           : 2 X 65M = 130M
Miscellaneous   : 0M
Total           : 175M

Table limit with the given memory limit:
Max number of representatives: 4000000
Max number of word counting entries: 1978035752

# comparing sequences from          0  to        618
---------- new table with      442 representatives

      618  finished        442  clusters

Apprixmated maximum memory consumption: 176M
writing new database
writing clustering information
program completed !

Total CPU time 0.22
